<?xml version="1.0" encoding="UTF-8"?>
<robot generator="Robot 7.0 (Python 3.12.1 on win32)" generated="2024-01-18T23:57:09.304141" rpa="false" schemaversion="5">
<suite id="s1" name="Signup" source="C:\Users\João Costa\Desktop\Software Testing\robot-framework\QAx\projects\walkdog-robot\signup.robot">
<test id="s1-t1" name="Deve poder registar um novo dog walker" line="8">
<kw name="Set Variable" owner="BuiltIn">
<msg time="2024-01-18T23:57:10.727882" level="INFO">${name} = João Costa</msg>
<var>${name}</var>
<arg>João Costa</arg>
<doc>Returns the given values which can then be assigned to a variables.</doc>
<status status="PASS" start="2024-01-18T23:57:10.727882" elapsed="0.000000"/>
</kw>
<kw name="Set Variable" owner="BuiltIn">
<msg time="2024-01-18T23:57:10.728883" level="INFO">${email} = jcosta@sapo.pt</msg>
<var>${email}</var>
<arg>jcosta@sapo.pt</arg>
<doc>Returns the given values which can then be assigned to a variables.</doc>
<status status="PASS" start="2024-01-18T23:57:10.728883" elapsed="0.000000"/>
</kw>
<kw name="Set Variable" owner="BuiltIn">
<msg time="2024-01-18T23:57:10.728883" level="INFO">${cpf} = 00000014141</msg>
<var>${cpf}</var>
<arg>00000014141</arg>
<doc>Returns the given values which can then be assigned to a variables.</doc>
<status status="PASS" start="2024-01-18T23:57:10.728883" elapsed="0.000000"/>
</kw>
<kw name="Set Variable" owner="BuiltIn">
<msg time="2024-01-18T23:57:10.729884" level="INFO">${cep} = 04534011</msg>
<var>${cep}</var>
<arg>04534011</arg>
<doc>Returns the given values which can then be assigned to a variables.</doc>
<status status="PASS" start="2024-01-18T23:57:10.729884" elapsed="0.000000"/>
</kw>
<kw name="Set Variable" owner="BuiltIn">
<msg time="2024-01-18T23:57:10.729884" level="INFO">${addressNumber} = 1000</msg>
<var>${addressNumber}</var>
<arg>1000</arg>
<doc>Returns the given values which can then be assigned to a variables.</doc>
<status status="PASS" start="2024-01-18T23:57:10.729884" elapsed="0.000000"/>
</kw>
<kw name="Set Variable" owner="BuiltIn">
<msg time="2024-01-18T23:57:10.729884" level="INFO">${addressStreet} = Rua Joaquim Floriano</msg>
<var>${addressStreet}</var>
<arg>Rua Joaquim Floriano</arg>
<doc>Returns the given values which can then be assigned to a variables.</doc>
<status status="PASS" start="2024-01-18T23:57:10.729884" elapsed="0.000000"/>
</kw>
<kw name="Set Variable" owner="BuiltIn">
<msg time="2024-01-18T23:57:10.730883" level="INFO">${addressDistrict} = Itaim Bibi</msg>
<var>${addressDistrict}</var>
<arg>Itaim Bibi</arg>
<doc>Returns the given values which can then be assigned to a variables.</doc>
<status status="PASS" start="2024-01-18T23:57:10.730883" elapsed="0.000000"/>
</kw>
<kw name="Set Variable" owner="BuiltIn">
<msg time="2024-01-18T23:57:10.730883" level="INFO">${addressCityUf} = São Paulo/SP</msg>
<var>${addressCityUf}</var>
<arg>São Paulo/SP</arg>
<doc>Returns the given values which can then be assigned to a variables.</doc>
<status status="PASS" start="2024-01-18T23:57:10.730883" elapsed="0.000000"/>
</kw>
<kw name="Set Variable" owner="BuiltIn">
<msg time="2024-01-18T23:57:10.730883" level="INFO">${addressDetails} = Apto 28</msg>
<var>${addressDetails}</var>
<arg>Apto 28</arg>
<doc>Returns the given values which can then be assigned to a variables.</doc>
<status status="PASS" start="2024-01-18T23:57:10.730883" elapsed="0.000000"/>
</kw>
<kw name="Set Variable" owner="BuiltIn">
<msg time="2024-01-18T23:57:10.731894" level="INFO">${cnh} = toretto.jpg</msg>
<var>${cnh}</var>
<arg>toretto.jpg</arg>
<doc>Returns the given values which can then be assigned to a variables.</doc>
<status status="PASS" start="2024-01-18T23:57:10.731894" elapsed="0.000000"/>
</kw>
<kw name="Go to signup page">
<kw name="New Browser" owner="Browser">
<msg time="2024-01-18T23:57:10.732886" level="INFO">{"browser": "chromium", "headless": false, "chromiumSandbox": false, "devtools": false, "handleSIGHUP": true, "handleSIGINT": true, "handleSIGTERM": true, "slowMo": 0.0, "timeout": 30000.0, "tracesDir": "C:\\Users\\Jo\u00e3o Costa\\Desktop\\Software Testing\\robot-framework\\QAx\\projects\\walkdog-robot\\browser\\traces\\1fe92d1f-b552-42d8-bbd6-1b510633194c"}</msg>
<msg time="2024-01-18T23:57:11.361459" level="INFO">Successfully created browser with options: {"browser":"chromium","headless":false,"chromiumSandbox":false,"devtools":false,"handleSIGHUP":true,"handleSIGINT":true,"handleSIGTERM":true,"slowMo":0,"timeout":30000,"tracesDir":"C:\\Users\\João Costa\\Desktop\\Software Testing\\robot-framework\\QAx\\projects\\walkdog-robot\\browser\\traces\\1fe92d1f-b552-42d8-bbd6-1b510633194c"}</msg>
<arg>chromium</arg>
<arg>headless=False</arg>
<tag>BrowserControl</tag>
<tag>Setter</tag>
<doc>Create a new playwright Browser with specified options.</doc>
<status status="PASS" start="2024-01-18T23:57:10.732886" elapsed="0.628573"/>
</kw>
<kw name="New Page" owner="Browser">
<msg time="2024-01-18T23:57:12.241753" level="INFO">Successfully initialized new page object and opened url: https://walkdog.vercel.app/signup</msg>
<msg time="2024-01-18T23:57:12.242754" level="INFO">No context was open. New context was automatically opened when this page is created.</msg>
<arg>https://walkdog.vercel.app/signup</arg>
<tag>BrowserControl</tag>
<tag>Setter</tag>
<doc>Open a new Page.</doc>
<status status="PASS" start="2024-01-18T23:57:11.361459" elapsed="0.881295"/>
</kw>
<kw name="Wait For Elements State" owner="Browser">
<msg time="2024-01-18T23:57:12.294802" level="INFO">Waited for Element with selector form h1 at state visible</msg>
<arg>form h1</arg>
<arg>visible</arg>
<arg>2000</arg>
<tag>PageContent</tag>
<tag>Wait</tag>
<doc>Waits for the element found by ``selector`` to satisfy state option.</doc>
<status status="PASS" start="2024-01-18T23:57:12.242754" elapsed="0.052048"/>
</kw>
<kw name="Get Text" owner="Browser">
<msg time="2024-01-18T23:57:12.356861" level="INFO">Text: 'Faça seu cadastro'</msg>
<arg>form h1</arg>
<arg>equals</arg>
<arg>Faça seu cadastro</arg>
<tag>Assertion</tag>
<tag>Getter</tag>
<tag>PageContent</tag>
<doc>Returns text attribute of the element found by ``selector``.</doc>
<status status="PASS" start="2024-01-18T23:57:12.295803" elapsed="0.062056"/>
</kw>
<status status="PASS" start="2024-01-18T23:57:10.731894" elapsed="1.625965"/>
</kw>
<kw name="Fill signup form">
<kw name="Fill Text" owner="Browser">
<msg time="2024-01-18T23:57:12.360863" level="INFO">Fills the text 'João Costa' in the given field.</msg>
<arg>css=input[name=name]</arg>
<arg>${name}</arg>
<tag>PageContent</tag>
<tag>Setter</tag>
<doc>Clears and fills the given ``txt`` into the text field found by ``selector``.</doc>
<status status="PASS" start="2024-01-18T23:57:12.359861" elapsed="0.043040"/>
</kw>
<kw name="Fill Text" owner="Browser">
<msg time="2024-01-18T23:57:12.402901" level="INFO">Fills the text 'jcosta@sapo.pt' in the given field.</msg>
<arg>css=input[name=email]</arg>
<arg>${email}</arg>
<tag>PageContent</tag>
<tag>Setter</tag>
<doc>Clears and fills the given ``txt`` into the text field found by ``selector``.</doc>
<status status="PASS" start="2024-01-18T23:57:12.402901" elapsed="0.029534"/>
</kw>
<kw name="Fill Text" owner="Browser">
<msg time="2024-01-18T23:57:12.432435" level="INFO">Fills the text '00000014141' in the given field.</msg>
<arg>css=input[name=cpf]</arg>
<arg>${cpf}</arg>
<tag>PageContent</tag>
<tag>Setter</tag>
<doc>Clears and fills the given ``txt`` into the text field found by ``selector``.</doc>
<status status="PASS" start="2024-01-18T23:57:12.432435" elapsed="0.024022"/>
</kw>
<kw name="Fill Text" owner="Browser">
<msg time="2024-01-18T23:57:12.457458" level="INFO">Fills the text '04534011' in the given field.</msg>
<arg>css=input[name=cep]</arg>
<arg>${cep}</arg>
<tag>PageContent</tag>
<tag>Setter</tag>
<doc>Clears and fills the given ``txt`` into the text field found by ``selector``.</doc>
<status status="PASS" start="2024-01-18T23:57:12.457458" elapsed="0.025022"/>
</kw>
<kw name="Click" owner="Browser">
<arg>css=input[type=button][value$=CEP]</arg>
<tag>PageContent</tag>
<tag>Setter</tag>
<doc>Simulates mouse click on the element found by ``selector``.</doc>
<status status="PASS" start="2024-01-18T23:57:12.482480" elapsed="0.044557"/>
</kw>
<kw name="Get Property" owner="Browser">
<msg time="2024-01-18T23:57:12.863341" level="INFO">Property: 'Rua Joaquim Floriano'</msg>
<arg>css=input[name=addressStreet]</arg>
<arg>value</arg>
<arg>equal</arg>
<arg>${addressStreet}</arg>
<tag>Assertion</tag>
<tag>Getter</tag>
<tag>PageContent</tag>
<doc>Returns the ``property`` of the element found by ``selector``.</doc>
<status status="PASS" start="2024-01-18T23:57:12.527037" elapsed="0.336304"/>
</kw>
<kw name="Get Property" owner="Browser">
<msg time="2024-01-18T23:57:12.877351" level="INFO">Property: 'Itaim Bibi'</msg>
<arg>css=input[name=addressDistrict]</arg>
<arg>value</arg>
<arg>equal</arg>
<arg>${addressDistrict}</arg>
<tag>Assertion</tag>
<tag>Getter</tag>
<tag>PageContent</tag>
<doc>Returns the ``property`` of the element found by ``selector``.</doc>
<status status="PASS" start="2024-01-18T23:57:12.863341" elapsed="0.014010"/>
</kw>
<kw name="Get Property" owner="Browser">
<msg time="2024-01-18T23:57:12.889363" level="INFO">Property: 'São Paulo/SP'</msg>
<arg>css=input[name=addressCityUf]</arg>
<arg>value</arg>
<arg>equal</arg>
<arg>${addressCityUf}</arg>
<tag>Assertion</tag>
<tag>Getter</tag>
<tag>PageContent</tag>
<doc>Returns the ``property`` of the element found by ``selector``.</doc>
<status status="PASS" start="2024-01-18T23:57:12.877351" elapsed="0.012012"/>
</kw>
<kw name="Fill Text" owner="Browser">
<msg time="2024-01-18T23:57:12.890526" level="INFO">Fills the text '1000' in the given field.</msg>
<arg>css=input[name=addressNumber]</arg>
<arg>${addressNumber}</arg>
<tag>PageContent</tag>
<tag>Setter</tag>
<doc>Clears and fills the given ``txt`` into the text field found by ``selector``.</doc>
<status status="PASS" start="2024-01-18T23:57:12.889363" elapsed="0.023020"/>
</kw>
<kw name="Fill Text" owner="Browser">
<msg time="2024-01-18T23:57:12.913385" level="INFO">Fills the text 'Apto 28' in the given field.</msg>
<arg>css=input[name=addressDetails]</arg>
<arg>${addressDetails}</arg>
<tag>PageContent</tag>
<tag>Setter</tag>
<doc>Clears and fills the given ``txt`` into the text field found by ``selector``.</doc>
<status status="PASS" start="2024-01-18T23:57:12.913385" elapsed="0.022019"/>
</kw>
<kw name="Upload File By Selector" owner="Browser">
<arg>css=input[type=file]</arg>
<arg>${EXECDIR}/${cnh}</arg>
<tag>PageContent</tag>
<tag>Setter</tag>
<doc>Uploads file from `path` to file input element matched by selector.</doc>
<status status="PASS" start="2024-01-18T23:57:12.935404" elapsed="0.023022"/>
</kw>
<arg>${name}</arg>
<arg>${email}</arg>
<arg>${cpf}</arg>
<arg>${cep}</arg>
<arg>${addressStreet}</arg>
<arg>${addressDistrict}</arg>
<arg>${addressCityUf}</arg>
<arg>${addressNumber}</arg>
<arg>${addressDetails}</arg>
<arg>${cnh}</arg>
<status status="PASS" start="2024-01-18T23:57:12.358860" elapsed="0.600568"/>
</kw>
<kw name="Submit signup form">
<kw name="Click" owner="Browser">
<arg>css=.button-register</arg>
<tag>PageContent</tag>
<tag>Setter</tag>
<doc>Simulates mouse click on the element found by ``selector``.</doc>
<status status="PASS" start="2024-01-18T23:57:12.961430" elapsed="0.047042"/>
</kw>
<status status="PASS" start="2024-01-18T23:57:12.960428" elapsed="0.048044"/>
</kw>
<kw name="Popup should be">
<kw name="Wait For Elements State" owner="Browser">
<msg time="2024-01-18T23:57:13.843206" level="INFO">Waited for Element with selector css=.swal2-html-container at state visible</msg>
<arg>css=.swal2-html-container</arg>
<arg>visible</arg>
<arg>5</arg>
<tag>PageContent</tag>
<tag>Wait</tag>
<doc>Waits for the element found by ``selector`` to satisfy state option.</doc>
<status status="PASS" start="2024-01-18T23:57:13.011473" elapsed="0.832736"/>
</kw>
<kw name="Get Text" owner="Browser">
<msg time="2024-01-18T23:57:13.863225" level="INFO">Text: 'Recebemos o seu cadastro e em breve retornaremos o contato.'</msg>
<arg>css=.swal2-html-container</arg>
<arg>equal</arg>
<arg>${expected_text}</arg>
<tag>Assertion</tag>
<tag>Getter</tag>
<tag>PageContent</tag>
<doc>Returns text attribute of the element found by ``selector``.</doc>
<status status="PASS" start="2024-01-18T23:57:13.844209" elapsed="0.020026"/>
</kw>
<kw name="Sleep" owner="BuiltIn">
<msg time="2024-01-18T23:57:18.864914" level="INFO">Slept 5 seconds.</msg>
<arg>5</arg>
<doc>Pauses the test executed for the given time.</doc>
<status status="PASS" start="2024-01-18T23:57:13.864235" elapsed="5.000679"/>
</kw>
<kw name="Take Screenshot" owner="Browser">
<msg time="2024-01-18T23:57:19.007045" level="INFO" html="true">&lt;/td&gt;&lt;/tr&gt;&lt;tr&gt;&lt;td colspan="3"&gt;&lt;a href="browser/screenshot/robotframework-browser-screenshot-1.png" target="_blank"&gt;&lt;img src="browser/screenshot/robotframework-browser-screenshot-1.png" width="800px"/&gt;&lt;/a&gt;</msg>
<tag>PageContent</tag>
<doc>Takes a screenshot of the current window or element and saves it to disk.</doc>
<status status="PASS" start="2024-01-18T23:57:18.864914" elapsed="0.143131"/>
</kw>
<arg>Recebemos o seu cadastro e em breve retornaremos o contato.</arg>
<status status="PASS" start="2024-01-18T23:57:13.011473" elapsed="5.996572"/>
</kw>
<status status="PASS" start="2024-01-18T23:57:10.723879" elapsed="8.284166"/>
</test>
<doc>Suite de testes de registo de dog walker</doc>
<status status="PASS" start="2024-01-18T23:57:09.306150" elapsed="9.820121"/>
</suite>
<statistics>
<total>
<stat pass="1" fail="0" skip="0">All Tests</stat>
</total>
<tag>
</tag>
<suite>
<stat pass="1" fail="0" skip="0" id="s1" name="Signup">Signup</stat>
</suite>
</statistics>
<errors>
</errors>
</robot>
